<?xml version="1.0" encoding="UTF-8"?>
<!-- Generated by org.testng.reporters.JUnitReportReporter -->
<testsuite hostname="Navinkumar_Singh_Laptop" name="com.qa.testsuites.TestSuite" tests="5" failures="0" timestamp="19 May 2019 19:23:07 GMT" time="53.634" errors="0">
  <testcase name="ValidatingFirstAvailableHeadphoneAddToCart" time="16.509" classname="com.qa.testsuites.TestSuite"/>
  <testcase name="validatingCloseBrowser" time="1.089" classname="com.qa.testsuites.TestSuite"/>
  <testcase name="validatingLogin" time="15.806" classname="com.qa.testsuites.TestSuite"/>
  <testcase name="ValidatingSelectCartAndRemoveHeadphoneReduceMacQuantityAndCheckout" time="6.389" classname="com.qa.testsuites.TestSuite"/>
  <testcase name="ValidatingMacBookProAddedToCart" time="13.841" classname="com.qa.testsuites.TestSuite"/>
</testsuite> <!-- com.qa.testsuites.TestSuite -->
