<?xml version="1.0" encoding="UTF-8"?>
<!-- Generated by org.testng.reporters.JUnitReportReporter -->
<testsuite hostname="Navinkumar_Singh_Laptop" name="com.qa.testsuites.LoginToTheApplication" tests="4" failures="0" timestamp="17 May 2019 21:18:48 GMT" time="25.375" errors="0">
  <testcase name="validatingLogin" time="5.611" classname="com.qa.testsuites.LoginToTheApplication"/>
  <testcase name="ValidatingFirstAvailableHeadphoneAddedToCart" time="14.578" classname="com.qa.testsuites.LoginToTheApplication"/>
  <testcase name="validatingCloseBrowser" time="2.059" classname="com.qa.testsuites.LoginToTheApplication"/>
  <testcase name="ValidatingMacBookProAddedToCart" time="3.127" classname="com.qa.testsuites.LoginToTheApplication"/>
</testsuite> <!-- com.qa.testsuites.LoginToTheApplication -->
