<?xml version="1.0" encoding="UTF-8"?>
<!-- Generated by org.testng.reporters.JUnitReportReporter -->
<testsuite hostname="Navinkumar_Singh_Laptop" name="com.qa.testsuites.LoginToTheApplication" tests="3" failures="0" timestamp="17 May 2019 11:11:33 GMT" time="21.785" errors="0">
  <testcase name="validatingLogin" time="5.834" classname="com.qa.testsuites.LoginToTheApplication"/>
  <testcase name="validatingCloseBrowser" time="2.568" classname="com.qa.testsuites.LoginToTheApplication"/>
  <testcase name="ValidatingHeadphoneAndAddToCart" time="13.383" classname="com.qa.testsuites.LoginToTheApplication"/>
</testsuite> <!-- com.qa.testsuites.LoginToTheApplication -->
